<?xml version="1.0" encoding="UTF-8"?>
<testsuite name="BullsCowsTest" tests="1" skipped="0" failures="0" errors="0" timestamp="2020-10-19T03:13:31" hostname="DESKTOP-CJ0GNA8" time="0.638">
  <properties/>
  <testcase name="start" classname="BullsCowsTest" time="0.638"/>
  <system-out><![CDATA[?[1;31m
Start test 1?[0m
Input the length of the secret code:
> 1
Input the number of possible symbols in the code:
> 10
The secret is prepared: * (0-9) 9.
Okay, let's start a game!
Turn 1:
> 0
Grade: None
Turn 2:
> 1
Grade: None
Turn 3:
> 2
Grade: None
Turn 4:
> 3
Grade: None
Turn 5:
> 4
Grade: None
Turn 6:
> 5
Grade: None
Turn 7:
> 6
Grade: None
Turn 8:
> 7
Grade: None
Turn 9:
> 8
Grade: None
Turn 10:
> 9
Grade: 1 bull(s)
Congrats! The secret code is 9.
?[1;31m
Start test 2?[0m
Input the length of the secret code:
> 4
Input the number of possible symbols in the code:
> 10
The secret is prepared: **** (0-9) 6291.
Okay, let's start a game!
Turn 1:
> 0000
Grade: None
Turn 2:
> 1111
Grade: 1 bull(s) and 3 cow(s)
Turn 3:
> 2222
Grade: 1 bull(s) and 3 cow(s)
Turn 4:
> 3333
Grade: None
Turn 5:
> 4444
Grade: None
Turn 6:
> 5555
Grade: None
Turn 7:
> 6666
Grade: 1 bull(s) and 3 cow(s)
Turn 8:
> 7777
Grade: None
Turn 9:
> 8888
Grade: None
Turn 10:
> 9999
Grade: 1 bull(s) and 3 cow(s)
Turn 11:
> 1269
Grade: 1 bull(s) and 3 cow(s)
Turn 12:
> 2169
Grade: 4 cow(s)
Turn 13:
> 6129
Grade: 1 bull(s) and 3 cow(s)
Turn 14:
> 1629
Grade: 4 cow(s)
Turn 15:
> 2619
Grade: 4 cow(s)
Turn 16:
> 6219
Grade: 2 bull(s) and 2 cow(s)
Turn 17:
> 9216
Grade: 1 bull(s) and 3 cow(s)
Turn 18:
> 2916
Grade: 4 cow(s)
Turn 19:
> 1926
Grade: 4 cow(s)
Turn 20:
> 9126
Grade: 4 cow(s)
Turn 21:
> 2196
Grade: 1 bull(s) and 3 cow(s)
Turn 22:
> 1296
Grade: 2 bull(s) and 2 cow(s)
Turn 23:
> 1692
Grade: 1 bull(s) and 3 cow(s)
Turn 24:
> 6192
Grade: 2 bull(s) and 2 cow(s)
Turn 25:
> 9162
Grade: 4 cow(s)
Turn 26:
> 1962
Grade: 4 cow(s)
Turn 27:
> 6912
Grade: 1 bull(s) and 3 cow(s)
Turn 28:
> 9612
Grade: 4 cow(s)
Turn 29:
> 9621
Grade: 1 bull(s) and 3 cow(s)
Turn 30:
> 6921
Grade: 2 bull(s) and 2 cow(s)
Turn 31:
> 2961
Grade: 1 bull(s) and 3 cow(s)
Turn 32:
> 9261
Grade: 2 bull(s) and 2 cow(s)
Turn 33:
> 6291
Grade: 4 bull(s)
Congrats! The secret code is 6291.
?[1;31m
Start test 3?[0m
Input the length of the secret code:
> 6
Input the number of possible symbols in the code:
> 10
The secret is prepared: ****** (0-9) 475193.
Okay, let's start a game!
Turn 1:
> 000000
Grade: None
Turn 2:
> 111111
Grade: 1 bull(s) and 5 cow(s)
Turn 3:
> 222222
Grade: None
Turn 4:
> 333333
Grade: 1 bull(s) and 5 cow(s)
Turn 5:
> 444444
Grade: 1 bull(s) and 5 cow(s)
Turn 6:
> 555555
Grade: 1 bull(s) and 5 cow(s)
Turn 7:
> 666666
Grade: None
Turn 8:
> 777777
Grade: 1 bull(s) and 5 cow(s)
Turn 9:
> 888888
Grade: None
Turn 10:
> 999999
Grade: 1 bull(s) and 5 cow(s)
Turn 11:
> 134579
Grade: 6 cow(s)
Turn 12:
> 314579
Grade: 6 cow(s)
Turn 13:
> 413579
Grade: 1 bull(s) and 5 cow(s)
Turn 14:
> 143579
Grade: 6 cow(s)
Turn 15:
> 341579
Grade: 6 cow(s)
Turn 16:
> 431579
Grade: 1 bull(s) and 5 cow(s)
Turn 17:
> 531479
Grade: 6 cow(s)
Turn 18:
> 351479
Grade: 6 cow(s)
Turn 19:
> 153479
Grade: 6 cow(s)
Turn 20:
> 513479
Grade: 6 cow(s)
Turn 21:
> 315479
Grade: 1 bull(s) and 5 cow(s)
Turn 22:
> 135479
Grade: 1 bull(s) and 5 cow(s)
Turn 23:
> 145379
Grade: 1 bull(s) and 5 cow(s)
Turn 24:
> 415379
Grade: 2 bull(s) and 4 cow(s)
Turn 25:
> 514379
Grade: 6 cow(s)
Turn 26:
> 154379
Grade: 6 cow(s)
Turn 27:
> 451379
Grade: 1 bull(s) and 5 cow(s)
Turn 28:
> 541379
Grade: 6 cow(s)
Turn 29:
> 543179
Grade: 1 bull(s) and 5 cow(s)
Turn 30:
> 453179
Grade: 2 bull(s) and 4 cow(s)
Turn 31:
> 354179
Grade: 1 bull(s) and 5 cow(s)
Turn 32:
> 534179
Grade: 1 bull(s) and 5 cow(s)
Turn 33:
> 435179
Grade: 3 bull(s) and 3 cow(s)
Turn 34:
> 345179
Grade: 2 bull(s) and 4 cow(s)
Turn 35:
> 745139
Grade: 2 bull(s) and 4 cow(s)
Turn 36:
> 475139
Grade: 4 bull(s) and 2 cow(s)
Turn 37:
> 574139
Grade: 2 bull(s) and 4 cow(s)
Turn 38:
> 754139
Grade: 1 bull(s) and 5 cow(s)
Turn 39:
> 457139
Grade: 2 bull(s) and 4 cow(s)
Turn 40:
> 547139
Grade: 1 bull(s) and 5 cow(s)
Turn 41:
> 147539
Grade: 6 cow(s)
Turn 42:
> 417539
Grade: 1 bull(s) and 5 cow(s)
Turn 43:
> 714539
Grade: 6 cow(s)
Turn 44:
> 174539
Grade: 1 bull(s) and 5 cow(s)
Turn 45:
> 471539
Grade: 2 bull(s) and 4 cow(s)
Turn 46:
> 741539
Grade: 6 cow(s)
Turn 47:
> 751439
Grade: 6 cow(s)
Turn 48:
> 571439
Grade: 1 bull(s) and 5 cow(s)
Turn 49:
> 175439
Grade: 2 bull(s) and 4 cow(s)
Turn 50:
> 715439
Grade: 1 bull(s) and 5 cow(s)
Turn 51:
> 517439
Grade: 6 cow(s)
Turn 52:
> 157439
Grade: 6 cow(s)
Turn 53:
> 154739
Grade: 6 cow(s)
Turn 54:
> 514739
Grade: 6 cow(s)
Turn 55:
> 415739
Grade: 2 bull(s) and 4 cow(s)
Turn 56:
> 145739
Grade: 1 bull(s) and 5 cow(s)
Turn 57:
> 541739
Grade: 6 cow(s)
Turn 58:
> 451739
Grade: 1 bull(s) and 5 cow(s)
Turn 59:
> 351749
Grade: 6 cow(s)
Turn 60:
> 531749
Grade: 6 cow(s)
Turn 61:
> 135749
Grade: 1 bull(s) and 5 cow(s)
Turn 62:
> 315749
Grade: 1 bull(s) and 5 cow(s)
Turn 63:
> 513749
Grade: 6 cow(s)
Turn 64:
> 153749
Grade: 6 cow(s)
Turn 65:
> 753149
Grade: 1 bull(s) and 5 cow(s)
Turn 66:
> 573149
Grade: 2 bull(s) and 4 cow(s)
Turn 67:
> 375149
Grade: 3 bull(s) and 3 cow(s)
Turn 68:
> 735149
Grade: 2 bull(s) and 4 cow(s)
Turn 69:
> 537149
Grade: 1 bull(s) and 5 cow(s)
Turn 70:
> 357149
Grade: 1 bull(s) and 5 cow(s)
Turn 71:
> 317549
Grade: 6 cow(s)
Turn 72:
> 137549
Grade: 6 cow(s)
Turn 73:
> 731549
Grade: 6 cow(s)
Turn 74:
> 371549
Grade: 1 bull(s) and 5 cow(s)
Turn 75:
> 173549
Grade: 1 bull(s) and 5 cow(s)
Turn 76:
> 713549
Grade: 6 cow(s)
Turn 77:
> 715349
Grade: 1 bull(s) and 5 cow(s)
Turn 78:
> 175349
Grade: 2 bull(s) and 4 cow(s)
Turn 79:
> 571349
Grade: 1 bull(s) and 5 cow(s)
Turn 80:
> 751349
Grade: 6 cow(s)
Turn 81:
> 157349
Grade: 6 cow(s)
Turn 82:
> 517349
Grade: 6 cow(s)
Turn 83:
> 417359
Grade: 1 bull(s) and 5 cow(s)
Turn 84:
> 147359
Grade: 6 cow(s)
Turn 85:
> 741359
Grade: 6 cow(s)
Turn 86:
> 471359
Grade: 2 bull(s) and 4 cow(s)
Turn 87:
> 174359
Grade: 1 bull(s) and 5 cow(s)
Turn 88:
> 714359
Grade: 6 cow(s)
Turn 89:
> 314759
Grade: 6 cow(s)
Turn 90:
> 134759
Grade: 6 cow(s)
Turn 91:
> 431759
Grade: 1 bull(s) and 5 cow(s)
Turn 92:
> 341759
Grade: 6 cow(s)
Turn 93:
> 143759
Grade: 6 cow(s)
Turn 94:
> 413759
Grade: 1 bull(s) and 5 cow(s)
Turn 95:
> 473159
Grade: 3 bull(s) and 3 cow(s)
Turn 96:
> 743159
Grade: 1 bull(s) and 5 cow(s)
Turn 97:
> 347159
Grade: 1 bull(s) and 5 cow(s)
Turn 98:
> 437159
Grade: 2 bull(s) and 4 cow(s)
Turn 99:
> 734159
Grade: 1 bull(s) and 5 cow(s)
Turn 100:
> 374159
Grade: 2 bull(s) and 4 cow(s)
Turn 101:
> 371459
Grade: 1 bull(s) and 5 cow(s)
Turn 102:
> 731459
Grade: 6 cow(s)
Turn 103:
> 137459
Grade: 6 cow(s)
Turn 104:
> 317459
Grade: 6 cow(s)
Turn 105:
> 713459
Grade: 6 cow(s)
Turn 106:
> 173459
Grade: 1 bull(s) and 5 cow(s)
Turn 107:
> 573419
Grade: 1 bull(s) and 5 cow(s)
Turn 108:
> 753419
Grade: 6 cow(s)
Turn 109:
> 357419
Grade: 6 cow(s)
Turn 110:
> 537419
Grade: 6 cow(s)
Turn 111:
> 735419
Grade: 1 bull(s) and 5 cow(s)
Turn 112:
> 375419
Grade: 2 bull(s) and 4 cow(s)
Turn 113:
> 475319
Grade: 3 bull(s) and 3 cow(s)
Turn 114:
> 745319
Grade: 1 bull(s) and 5 cow(s)
Turn 115:
> 547319
Grade: 6 cow(s)
Turn 116:
> 457319
Grade: 1 bull(s) and 5 cow(s)
Turn 117:
> 754319
Grade: 6 cow(s)
Turn 118:
> 574319
Grade: 1 bull(s) and 5 cow(s)
Turn 119:
> 534719
Grade: 6 cow(s)
Turn 120:
> 354719
Grade: 6 cow(s)
Turn 121:
> 453719
Grade: 1 bull(s) and 5 cow(s)
Turn 122:
> 543719
Grade: 6 cow(s)
Turn 123:
> 345719
Grade: 1 bull(s) and 5 cow(s)
Turn 124:
> 435719
Grade: 2 bull(s) and 4 cow(s)
Turn 125:
> 437519
Grade: 1 bull(s) and 5 cow(s)
Turn 126:
> 347519
Grade: 6 cow(s)
Turn 127:
> 743519
Grade: 6 cow(s)
Turn 128:
> 473519
Grade: 2 bull(s) and 4 cow(s)
Turn 129:
> 374519
Grade: 1 bull(s) and 5 cow(s)
Turn 130:
> 734519
Grade: 6 cow(s)
Turn 131:
> 934517
Grade: 6 cow(s)
Turn 132:
> 394517
Grade: 6 cow(s)
Turn 133:
> 493517
Grade: 1 bull(s) and 5 cow(s)
Turn 134:
> 943517
Grade: 6 cow(s)
Turn 135:
> 349517
Grade: 6 cow(s)
Turn 136:
> 439517
Grade: 1 bull(s) and 5 cow(s)
Turn 137:
> 539417
Grade: 6 cow(s)
Turn 138:
> 359417
Grade: 6 cow(s)
Turn 139:
> 953417
Grade: 6 cow(s)
Turn 140:
> 593417
Grade: 6 cow(s)
Turn 141:
> 395417
Grade: 1 bull(s) and 5 cow(s)
Turn 142:
> 935417
Grade: 1 bull(s) and 5 cow(s)
Turn 143:
> 945317
Grade: 1 bull(s) and 5 cow(s)
Turn 144:
> 495317
Grade: 2 bull(s) and 4 cow(s)
Turn 145:
> 594317
Grade: 6 cow(s)
Turn 146:
> 954317
Grade: 6 cow(s)
Turn 147:
> 459317
Grade: 1 bull(s) and 5 cow(s)
Turn 148:
> 549317
Grade: 6 cow(s)
Turn 149:
> 543917
Grade: 6 cow(s)
Turn 150:
> 453917
Grade: 1 bull(s) and 5 cow(s)
Turn 151:
> 354917
Grade: 6 cow(s)
Turn 152:
> 534917
Grade: 6 cow(s)
Turn 153:
> 435917
Grade: 2 bull(s) and 4 cow(s)
Turn 154:
> 345917
Grade: 1 bull(s) and 5 cow(s)
Turn 155:
> 145937
Grade: 1 bull(s) and 5 cow(s)
Turn 156:
> 415937
Grade: 2 bull(s) and 4 cow(s)
Turn 157:
> 514937
Grade: 6 cow(s)
Turn 158:
> 154937
Grade: 6 cow(s)
Turn 159:
> 451937
Grade: 1 bull(s) and 5 cow(s)
Turn 160:
> 541937
Grade: 6 cow(s)
Turn 161:
> 941537
Grade: 6 cow(s)
Turn 162:
> 491537
Grade: 1 bull(s) and 5 cow(s)
Turn 163:
> 194537
Grade: 6 cow(s)
Turn 164:
> 914537
Grade: 6 cow(s)
Turn 165:
> 419537
Grade: 1 bull(s) and 5 cow(s)
Turn 166:
> 149537
Grade: 6 cow(s)
Turn 167:
> 159437
Grade: 6 cow(s)
Turn 168:
> 519437
Grade: 6 cow(s)
Turn 169:
> 915437
Grade: 1 bull(s) and 5 cow(s)
Turn 170:
> 195437
Grade: 1 bull(s) and 5 cow(s)
Turn 171:
> 591437
Grade: 6 cow(s)
Turn 172:
> 951437
Grade: 6 cow(s)
Turn 173:
> 954137
Grade: 1 bull(s) and 5 cow(s)
Turn 174:
> 594137
Grade: 1 bull(s) and 5 cow(s)
Turn 175:
> 495137
Grade: 3 bull(s) and 3 cow(s)
Turn 176:
> 945137
Grade: 2 bull(s) and 4 cow(s)
Turn 177:
> 549137
Grade: 1 bull(s) and 5 cow(s)
Turn 178:
> 459137
Grade: 2 bull(s) and 4 cow(s)
Turn 179:
> 359147
Grade: 1 bull(s) and 5 cow(s)
Turn 180:
> 539147
Grade: 1 bull(s) and 5 cow(s)
Turn 181:
> 935147
Grade: 2 bull(s) and 4 cow(s)
Turn 182:
> 395147
Grade: 2 bull(s) and 4 cow(s)
Turn 183:
> 593147
Grade: 1 bull(s) and 5 cow(s)
Turn 184:
> 953147
Grade: 1 bull(s) and 5 cow(s)
Turn 185:
> 153947
Grade: 6 cow(s)
Turn 186:
> 513947
Grade: 6 cow(s)
Turn 187:
> 315947
Grade: 1 bull(s) and 5 cow(s)
Turn 188:
> 135947
Grade: 1 bull(s) and 5 cow(s)
Turn 189:
> 531947
Grade: 6 cow(s)
Turn 190:
> 351947
Grade: 6 cow(s)
Turn 191:
> 391547
Grade: 6 cow(s)
Turn 192:
> 931547
Grade: 6 cow(s)
Turn 193:
> 139547
Grade: 6 cow(s)
Turn 194:
> 319547
Grade: 6 cow(s)
Turn 195:
> 913547
Grade: 6 cow(s)
Turn 196:
> 193547
Grade: 6 cow(s)
Turn 197:
> 195347
Grade: 1 bull(s) and 5 cow(s)
Turn 198:
> 915347
Grade: 1 bull(s) and 5 cow(s)
Turn 199:
> 519347
Grade: 6 cow(s)
Turn 200:
> 159347
Grade: 6 cow(s)
Turn 201:
> 951347
Grade: 6 cow(s)
Turn 202:
> 591347
Grade: 6 cow(s)
Turn 203:
> 491357
Grade: 1 bull(s) and 5 cow(s)
Turn 204:
> 941357
Grade: 6 cow(s)
Turn 205:
> 149357
Grade: 6 cow(s)
Turn 206:
> 419357
Grade: 1 bull(s) and 5 cow(s)
Turn 207:
> 914357
Grade: 6 cow(s)
Turn 208:
> 194357
Grade: 6 cow(s)
Turn 209:
> 394157
Grade: 1 bull(s) and 5 cow(s)
Turn 210:
> 934157
Grade: 1 bull(s) and 5 cow(s)
Turn 211:
> 439157
Grade: 2 bull(s) and 4 cow(s)
Turn 212:
> 349157
Grade: 1 bull(s) and 5 cow(s)
Turn 213:
> 943157
Grade: 1 bull(s) and 5 cow(s)
Turn 214:
> 493157
Grade: 2 bull(s) and 4 cow(s)
Turn 215:
> 413957
Grade: 1 bull(s) and 5 cow(s)
Turn 216:
> 143957
Grade: 6 cow(s)
Turn 217:
> 341957
Grade: 6 cow(s)
Turn 218:
> 431957
Grade: 1 bull(s) and 5 cow(s)
Turn 219:
> 134957
Grade: 6 cow(s)
Turn 220:
> 314957
Grade: 6 cow(s)
Turn 221:
> 319457
Grade: 6 cow(s)
Turn 222:
> 139457
Grade: 6 cow(s)
Turn 223:
> 931457
Grade: 6 cow(s)
Turn 224:
> 391457
Grade: 6 cow(s)
Turn 225:
> 193457
Grade: 6 cow(s)
Turn 226:
> 913457
Grade: 6 cow(s)
Turn 227:
> 513497
Grade: 1 bull(s) and 5 cow(s)
Turn 228:
> 153497
Grade: 1 bull(s) and 5 cow(s)
Turn 229:
> 351497
Grade: 1 bull(s) and 5 cow(s)
Turn 230:
> 531497
Grade: 1 bull(s) and 5 cow(s)
Turn 231:
> 135497
Grade: 2 bull(s) and 4 cow(s)
Turn 232:
> 315497
Grade: 2 bull(s) and 4 cow(s)
Turn 233:
> 415397
Grade: 3 bull(s) and 3 cow(s)
Turn 234:
> 145397
Grade: 2 bull(s) and 4 cow(s)
Turn 235:
> 541397
Grade: 1 bull(s) and 5 cow(s)
Turn 236:
> 451397
Grade: 2 bull(s) and 4 cow(s)
Turn 237:
> 154397
Grade: 1 bull(s) and 5 cow(s)
Turn 238:
> 514397
Grade: 1 bull(s) and 5 cow(s)
Turn 239:
> 534197
Grade: 2 bull(s) and 4 cow(s)
Turn 240:
> 354197
Grade: 2 bull(s) and 4 cow(s)
Turn 241:
> 453197
Grade: 3 bull(s) and 3 cow(s)
Turn 242:
> 543197
Grade: 2 bull(s) and 4 cow(s)
Turn 243:
> 345197
Grade: 3 bull(s) and 3 cow(s)
Turn 244:
> 435197
Grade: 4 bull(s) and 2 cow(s)
Turn 245:
> 431597
Grade: 2 bull(s) and 4 cow(s)
Turn 246:
> 341597
Grade: 1 bull(s) and 5 cow(s)
Turn 247:
> 143597
Grade: 1 bull(s) and 5 cow(s)
Turn 248:
> 413597
Grade: 2 bull(s) and 4 cow(s)
Turn 249:
> 314597
Grade: 1 bull(s) and 5 cow(s)
Turn 250:
> 134597
Grade: 1 bull(s) and 5 cow(s)
Turn 251:
> 174593
Grade: 3 bull(s) and 3 cow(s)
Turn 252:
> 714593
Grade: 2 bull(s) and 4 cow(s)
Turn 253:
> 417593
Grade: 3 bull(s) and 3 cow(s)
Turn 254:
> 147593
Grade: 2 bull(s) and 4 cow(s)
Turn 255:
> 741593
Grade: 2 bull(s) and 4 cow(s)
Turn 256:
> 471593
Grade: 4 bull(s) and 2 cow(s)
Turn 257:
> 571493
Grade: 3 bull(s) and 3 cow(s)
Turn 258:
> 751493
Grade: 2 bull(s) and 4 cow(s)
Turn 259:
> 157493
Grade: 2 bull(s) and 4 cow(s)
Turn 260:
> 517493
Grade: 2 bull(s) and 4 cow(s)
Turn 261:
> 715493
Grade: 3 bull(s) and 3 cow(s)
Turn 262:
> 175493
Grade: 4 bull(s) and 2 cow(s)
Turn 263:
> 145793
Grade: 3 bull(s) and 3 cow(s)
Turn 264:
> 415793
Grade: 4 bull(s) and 2 cow(s)
Turn 265:
> 514793
Grade: 2 bull(s) and 4 cow(s)
Turn 266:
> 154793
Grade: 2 bull(s) and 4 cow(s)
Turn 267:
> 451793
Grade: 3 bull(s) and 3 cow(s)
Turn 268:
> 541793
Grade: 2 bull(s) and 4 cow(s)
Turn 269:
> 547193
Grade: 3 bull(s) and 3 cow(s)
Turn 270:
> 457193
Grade: 4 bull(s) and 2 cow(s)
Turn 271:
> 754193
Grade: 3 bull(s) and 3 cow(s)
Turn 272:
> 574193
Grade: 4 bull(s) and 2 cow(s)
Turn 273:
> 475193
Grade: 6 bull(s)
Congrats! The secret code is 475193.
?[1;31m
Start test 4?[0m
Input the length of the secret code:
> 11
Input the number of possible symbols in the code:
> 10
Error: it's not possible to generate a code with a length of 11 with 10 unique symbols.
?[1;31m
Start test 5?[0m
Input the length of the secret code:
> 4
Input the number of possible symbols in the code:
> 16
The secret is prepared: **** (0-9, a-f) 06be.
Okay, let's start a game!
Turn 1:
> 0000
Grade: 1 bull(s) and 3 cow(s)
Turn 2:
> 1111
Grade: None
Turn 3:
> 2222
Grade: None
Turn 4:
> 3333
Grade: None
Turn 5:
> 4444
Grade: None
Turn 6:
> 5555
Grade: None
Turn 7:
> 6666
Grade: 1 bull(s) and 3 cow(s)
Turn 8:
> 7777
Grade: None
Turn 9:
> 8888
Grade: None
Turn 10:
> 9999
Grade: None
Turn 11:
> aaaa
Grade: None
Turn 12:
> bbbb
Grade: 1 bull(s) and 3 cow(s)
Turn 13:
> cccc
Grade: None
Turn 14:
> dddd
Grade: None
Turn 15:
> eeee
Grade: 1 bull(s) and 3 cow(s)
Turn 16:
> 06be
Grade: 4 bull(s)
Congrats! The secret code is 06be.
?[1;31m
Start test 6?[0m
Input the length of the secret code:
> 6
Input the number of possible symbols in the code:
> 36
The secret is prepared: ****** (0-9, a-z) 1j20bk.
Okay, let's start a game!
Turn 1:
> 000000
Grade: 1 bull(s) and 5 cow(s)
Turn 2:
> 111111
Grade: 1 bull(s) and 5 cow(s)
Turn 3:
> 222222
Grade: 1 bull(s) and 5 cow(s)
Turn 4:
> 333333
Grade: None
Turn 5:
> 444444
Grade: None
Turn 6:
> 555555
Grade: None
Turn 7:
> 666666
Grade: None
Turn 8:
> 777777
Grade: None
Turn 9:
> 888888
Grade: None
Turn 10:
> 999999
Grade: None
Turn 11:
> aaaaaa
Grade: None
Turn 12:
> bbbbbb
Grade: 1 bull(s) and 5 cow(s)
Turn 13:
> cccccc
Grade: None
Turn 14:
> dddddd
Grade: None
Turn 15:
> eeeeee
Grade: None
Turn 16:
> ffffff
Grade: None
Turn 17:
> gggggg
Grade: None
Turn 18:
> hhhhhh
Grade: None
Turn 19:
> iiiiii
Grade: None
Turn 20:
> jjjjjj
Grade: 1 bull(s) and 5 cow(s)
Turn 21:
> kkkkkk
Grade: 1 bull(s) and 5 cow(s)
Turn 22:
> 012bjk
Grade: 2 bull(s) and 4 cow(s)
Turn 23:
> 102bjk
Grade: 3 bull(s) and 3 cow(s)
Turn 24:
> 201bjk
Grade: 1 bull(s) and 5 cow(s)
Turn 25:
> 021bjk
Grade: 1 bull(s) and 5 cow(s)
Turn 26:
> 120bjk
Grade: 2 bull(s) and 4 cow(s)
Turn 27:
> 210bjk
Grade: 1 bull(s) and 5 cow(s)
Turn 28:
> b102jk
Grade: 1 bull(s) and 5 cow(s)
Turn 29:
> 1b02jk
Grade: 2 bull(s) and 4 cow(s)
Turn 30:
> 0b12jk
Grade: 1 bull(s) and 5 cow(s)
Turn 31:
> b012jk
Grade: 1 bull(s) and 5 cow(s)
Turn 32:
> 10b2jk
Grade: 2 bull(s) and 4 cow(s)
Turn 33:
> 01b2jk
Grade: 1 bull(s) and 5 cow(s)
Turn 34:
> 02b1jk
Grade: 1 bull(s) and 5 cow(s)
Turn 35:
> 20b1jk
Grade: 1 bull(s) and 5 cow(s)
Turn 36:
> b021jk
Grade: 2 bull(s) and 4 cow(s)
Turn 37:
> 0b21jk
Grade: 2 bull(s) and 4 cow(s)
Turn 38:
> 2b01jk
Grade: 1 bull(s) and 5 cow(s)
Turn 39:
> b201jk
Grade: 1 bull(s) and 5 cow(s)
Turn 40:
> b210jk
Grade: 2 bull(s) and 4 cow(s)
Turn 41:
> 2b10jk
Grade: 2 bull(s) and 4 cow(s)
Turn 42:
> 1b20jk
Grade: 4 bull(s) and 2 cow(s)
Turn 43:
> b120jk
Grade: 3 bull(s) and 3 cow(s)
Turn 44:
> 21b0jk
Grade: 2 bull(s) and 4 cow(s)
Turn 45:
> 12b0jk
Grade: 3 bull(s) and 3 cow(s)
Turn 46:
> j2b01k
Grade: 2 bull(s) and 4 cow(s)
Turn 47:
> 2jb01k
Grade: 3 bull(s) and 3 cow(s)
Turn 48:
> bj201k
Grade: 4 bull(s) and 2 cow(s)
Turn 49:
> jb201k
Grade: 3 bull(s) and 3 cow(s)
Turn 50:
> 2bj01k
Grade: 2 bull(s) and 4 cow(s)
Turn 51:
> b2j01k
Grade: 2 bull(s) and 4 cow(s)
Turn 52:
> 02jb1k
Grade: 1 bull(s) and 5 cow(s)
Turn 53:
> 20jb1k
Grade: 1 bull(s) and 5 cow(s)
Turn 54:
> j02b1k
Grade: 2 bull(s) and 4 cow(s)
Turn 55:
> 0j2b1k
Grade: 3 bull(s) and 3 cow(s)
Turn 56:
> 2j0b1k
Grade: 2 bull(s) and 4 cow(s)
Turn 57:
> j20b1k
Grade: 1 bull(s) and 5 cow(s)
Turn 58:
> jb021k
Grade: 1 bull(s) and 5 cow(s)
Turn 59:
> bj021k
Grade: 2 bull(s) and 4 cow(s)
Turn 60:
> 0jb21k
Grade: 2 bull(s) and 4 cow(s)
Turn 61:
> j0b21k
Grade: 1 bull(s) and 5 cow(s)
Turn 62:
> b0j21k
Grade: 1 bull(s) and 5 cow(s)
Turn 63:
> 0bj21k
Grade: 1 bull(s) and 5 cow(s)
Turn 64:
> 0b2j1k
Grade: 2 bull(s) and 4 cow(s)
Turn 65:
> b02j1k
Grade: 2 bull(s) and 4 cow(s)
Turn 66:
> 20bj1k
Grade: 1 bull(s) and 5 cow(s)
Turn 67:
> 02bj1k
Grade: 1 bull(s) and 5 cow(s)
Turn 68:
> b20j1k
Grade: 1 bull(s) and 5 cow(s)
Turn 69:
> 2b0j1k
Grade: 1 bull(s) and 5 cow(s)
Turn 70:
> 1b0j2k
Grade: 2 bull(s) and 4 cow(s)
Turn 71:
> b10j2k
Grade: 1 bull(s) and 5 cow(s)
Turn 72:
> 01bj2k
Grade: 1 bull(s) and 5 cow(s)
Turn 73:
> 10bj2k
Grade: 2 bull(s) and 4 cow(s)
Turn 74:
> b01j2k
Grade: 1 bull(s) and 5 cow(s)
Turn 75:
> 0b1j2k
Grade: 1 bull(s) and 5 cow(s)
Turn 76:
> jb102k
Grade: 2 bull(s) and 4 cow(s)
Turn 77:
> bj102k
Grade: 3 bull(s) and 3 cow(s)
Turn 78:
> 1jb02k
Grade: 4 bull(s) and 2 cow(s)
Turn 79:
> j1b02k
Grade: 2 bull(s) and 4 cow(s)
Turn 80:
> b1j02k
Grade: 2 bull(s) and 4 cow(s)
Turn 81:
> 1bj02k
Grade: 3 bull(s) and 3 cow(s)
Turn 82:
> 10jb2k
Grade: 2 bull(s) and 4 cow(s)
Turn 83:
> 01jb2k
Grade: 1 bull(s) and 5 cow(s)
Turn 84:
> j10b2k
Grade: 1 bull(s) and 5 cow(s)
Turn 85:
> 1j0b2k
Grade: 3 bull(s) and 3 cow(s)
Turn 86:
> 0j1b2k
Grade: 2 bull(s) and 4 cow(s)
Turn 87:
> j01b2k
Grade: 1 bull(s) and 5 cow(s)
Turn 88:
> j0b12k
Grade: 1 bull(s) and 5 cow(s)
Turn 89:
> 0jb12k
Grade: 2 bull(s) and 4 cow(s)
Turn 90:
> bj012k
Grade: 2 bull(s) and 4 cow(s)
Turn 91:
> jb012k
Grade: 1 bull(s) and 5 cow(s)
Turn 92:
> 0bj12k
Grade: 1 bull(s) and 5 cow(s)
Turn 93:
> b0j12k
Grade: 1 bull(s) and 5 cow(s)
Turn 94:
> 20j1bk
Grade: 2 bull(s) and 4 cow(s)
Turn 95:
> 02j1bk
Grade: 2 bull(s) and 4 cow(s)
Turn 96:
> j201bk
Grade: 2 bull(s) and 4 cow(s)
Turn 97:
> 2j01bk
Grade: 3 bull(s) and 3 cow(s)
Turn 98:
> 0j21bk
Grade: 4 bull(s) and 2 cow(s)
Turn 99:
> j021bk
Grade: 3 bull(s) and 3 cow(s)
Turn 100:
> 102jbk
Grade: 4 bull(s) and 2 cow(s)
Turn 101:
> 012jbk
Grade: 3 bull(s) and 3 cow(s)
Turn 102:
> 210jbk
Grade: 2 bull(s) and 4 cow(s)
Turn 103:
> 120jbk
Grade: 3 bull(s) and 3 cow(s)
Turn 104:
> 021jbk
Grade: 2 bull(s) and 4 cow(s)
Turn 105:
> 201jbk
Grade: 2 bull(s) and 4 cow(s)
Turn 106:
> 2j10bk
Grade: 4 bull(s) and 2 cow(s)
Turn 107:
> j210bk
Grade: 3 bull(s) and 3 cow(s)
Turn 108:
> 12j0bk
Grade: 4 bull(s) and 2 cow(s)
Turn 109:
> 21j0bk
Grade: 3 bull(s) and 3 cow(s)
Turn 110:
> j120bk
Grade: 4 bull(s) and 2 cow(s)
Turn 111:
> 1j20bk
Grade: 6 bull(s)
Congrats! The secret code is 1j20bk.
?[1;31m
Start test 7?[0m
Input the length of the secret code:
> 0
Input the number of possible symbols in the code:
> 1
Error: code length must be greater than 0.
?[1;31m
Start test 8?[0m
Input the length of the secret code:
> 10
Input the number of possible symbols in the code:
> 9
Error: it's not possible to generate a code with a length of 10 with 9 unique symbols.
?[1;31m
Start test 9?[0m
Input the length of the secret code:
> 9
Input the number of possible symbols in the code:
> 37
Error: maximum number of possible symbols in the code is 36 (0-9, a-z).
?[1;31m
Start test 10?[0m
Input the length of the secret code:
> abcdefg 1 -6
Error: abcdefg 1 -6 isn't a valid number.
]]></system-out>
  <system-err><![CDATA[]]></system-err>
</testsuite>
