<?xml version="1.0" encoding="UTF-8"?>
<testsuite name="BullsCowsTest" tests="1" skipped="0" failures="0" errors="0" timestamp="2020-10-18T15:18:11" hostname="DESKTOP-CJ0GNA8" time="0.09">
  <properties/>
  <testcase name="start" classname="BullsCowsTest" time="0.09"/>
  <system-out><![CDATA[?[1;31m
Start test 1?[0m
The secret code is prepared: ****.9876

Turn 1. Answer:
1234
Grade: None.

Turn 2. Answer:
9876
Grade: 4 bulls.
Congrats! The secret code is 9876.
]]></system-out>
  <system-err><![CDATA[]]></system-err>
</testsuite>
